<?xml version="1.0" encoding="UTF-8"?>
<!-- Generated by org.testng.reporters.JUnitReportReporter -->
<testsuite hostname="LT0217181" failures="0" tests="1" name="SeleniumJava.TestNgFramework.loginErrorHandling" time="9.006" errors="0" timestamp="2024-07-09T12:54:29 IST" skipped="0">
  <testcase classname="SeleniumJava.TestNgFramework.loginErrorHandling" name="loginError" time="9.006"/>
</testsuite> <!-- SeleniumJava.TestNgFramework.loginErrorHandling -->
